2019-07-11 15:16:34 u2 accessed Book1.xls sharedby u1
2019-07-11 15:16:25 u1 Shared Book1.xls with u2
2019-07-11 07:11:01 System Deleted_File 0U8kFWVuy5udfikiuuCInTfVbJlP4Mt6 - -
2019-07-11 07:10:02 u1 Deleted_SharedRecord name.txt 2019-07-11_06:59:48 u2
2019-07-11 07:03:02 System Deleted_File krwxQDkB1xrh38xIQFcFvEtPSbghRchr - -
2019-07-11 07:02:01 u1 Deleted_SharedRecord hi.html 2019-07-11_07:00:26 admin
2019-07-11 07:00:26 u1 Shared hi.html with admin
2019-07-11 07:00:06 u2 accessed name.txt sharedby u1
2019-07-11 06:59:48 u1 Shared name.txt with u2
2019-07-11 06:52:23 System Deleted_File byLI11RU8xXJzohKUu0apTKv8gSuSO8M - -
2019-07-11 06:52:23 System Deleted_File PNbNlGuLrSKa25ah1PBs0erX4AQlRtns - -
2019-07-11 06:52:23 System Deleted_File QuPCxttZXujfhorLn4q2e9M0rZ84AsV7 - -
2019-07-11 06:52:23 System Deleted_File Itqrr6j2nkUzaNQvKslK5S1DsoFwQCBM - -
2019-07-11 06:52:23 System Deleted_File mEbzCL56o15eFRq7Q4CvIsMzGUF2hoYB - -
2019-07-11 06:52:23 System Deleted_File SpZjrO3KP1IfKDL4zJBqWuao5ngIkdol - -
2019-07-11 06:52:23 System Deleted_File tWEEAjim94UJQE3VUMGNIf94NyDKUrp4 - -
2019-07-11 06:52:23 System Deleted_File M2HV9yhma06aD0bYEjIt8OTXGDAZvwbx - -
2019-07-11 06:51:51 u2 Deleted_SharedRecord hello.txt 2019-07-10_06:57:38 u1
2019-07-11 06:51:51 u2 Deleted_SharedRecord hello.txt 2019-07-10_06:57:38 u3
2019-07-11 06:51:51 u1 Deleted_SharedRecord track.jpeg 2019-07-10_09:46:51 u3
2019-07-11 06:51:51 u3 Deleted_SharedRecord a.txt 2019-07-10_11:13:01 u1
2019-07-11 06:51:51 u3 Deleted_SharedRecord a.txt 2019-07-10_11:19:14 u1
2019-07-11 06:51:51 u3 Deleted_SharedRecord a.txt 2019-07-10_11:21:42 u2
2019-07-11 06:51:51 u3 Deleted_SharedRecord a.txt 2019-07-10_11:22:28 u2
2019-07-11 06:51:51 admin Deleted_SharedRecord 1.rar 2019-07-10_11:23:54 u2
2019-07-11 06:51:50 admin Deleted_SharedRecord flower.jpg 2019-07-10_11:24:31 u1
2019-07-11 06:51:50 u3 Deleted_SharedRecord a.txt 2019-07-10_11:20:15 admin
2019-07-11 06:51:50 admin Deleted_SharedRecord flower.jpg 2019-07-10_11:26:24 u2
2019-07-11 06:51:50 admin Deleted_SharedRecord flower.jpg 2019-07-10_11:26:45 u1
2019-07-11 06:51:50 admin Deleted_SharedRecord flower.jpg 2019-07-10_11:26:45 u3
2019-07-11 06:51:50 u1 Deleted_SharedRecord hi.html 2019-07-10_12:01:26 u3
2019-07-11 06:51:50 u1 Deleted_SharedRecord hi.html 2019-07-10_12:01:49 admin
2019-07-11 06:51:50 u1 Deleted_SharedRecord hi.html 2019-07-10_12:01:49 u2
2019-07-11 06:51:50 u1 Deleted_SharedRecord hi.html 2019-07-10_12:01:49 u3
2019-07-11 06:51:50 u1 Deleted_SharedRecord 50.rar 2019-07-10_12:14:55 admin
2019-07-11 06:51:50 admin Deleted_SharedRecord flower.jpg 2019-07-10_12:17:54 u2
2019-07-11 06:51:50 u1 Deleted_SharedRecord name.txt 2019-07-10_12:18:52 u2
2019-07-11 06:51:50 u1 Deleted_SharedRecord hi.html 2019-07-10_12:19:19 admin
2019-07-10 12:19:19 u1 Shared hi.html with admin
2019-07-10 12:19:00 u2 accessed name.txt sharedby u1
2019-07-10 12:18:52 u1 Shared name.txt with u2
2019-07-10 12:17:54 admin Shared flower.jpg with u2
2019-07-10 12:14:55 u1 Shared 50.rar with admin
2019-07-10 12:02:28 u3 accessed hi.html sharedby u1
2019-07-10 12:01:49 u1 Shared hi.html with u3
2019-07-10 12:01:49 u1 Shared hi.html with u2
2019-07-10 12:01:49 u1 Shared hi.html with admin
2019-07-10 12:01:26 u1 Shared hi.html with u3
2019-07-10 11:26:45 admin Shared flower.jpg with u3
2019-07-10 11:26:45 admin Shared flower.jpg with u1
2019-07-10 11:26:24 admin Shared flower.jpg with u2
2019-07-10 11:24:41 u1 accessed flower.jpg sharedby admin
2019-07-10 11:24:31 admin Shared flower.jpg with u1
2019-07-10 11:24:09 u2 accessed 1.rar sharedby admin
2019-07-10 11:23:54 admin Shared 1.rar with u2
2019-07-10 11:22:28 u3 Shared a.txt with u2
2019-07-10 11:21:42 u3 Shared a.txt with u2
2019-07-10 11:20:15 u3 Shared a.txt with admin
2019-07-10 11:19:14 u3 Shared a.txt with u1
2019-07-10 11:13:01 u3 Shared a.txt with u1
2019-07-10 09:46:51 u1 Shared track.jpeg with u3
2019-07-10 06:59:16 u3 accessed hello.txt sharedby u2
2019-07-10 06:57:38 u2 Shared hello.txt with u3
2019-07-10 06:57:38 u2 Shared hello.txt with u1
2019-07-09 08:10:02 System Deleted_File AJNjNbV5uFBMzQHMT2lHGf9pSBx0DlUe - -
2019-07-09 08:05:01 u1 Deleted_SharedRecord 12.rar 2019-07-09_07:53:02 u2
2019-07-09 07:53:02 u1 Shared 12.rar with u2
2019-07-09 07:50:01 System Deleted_File hL52I30tAU6Kgumy5L0IxBtmUREQUgc2 - -
2019-07-09 07:50:01 System Deleted_File KSZHkw3t1zs2fGqkYU95LGS2V2opueeK - -
2019-07-09 07:50:01 System Deleted_File BNNpQBt3YIr0sJMuWfm9HA4jLY01GT9P - -
2019-07-09 07:50:01 System Deleted_File 4Z0oJYpnyMFToI6hrkt9dxDZ4vbe4kRc - -
2019-07-08 11:25:02 System Deleted_File hL52I30tAU6Kgumy5L0IxBtmUREQUgc2 - -
2019-07-08 11:25:02 System Deleted_File KSZHkw3t1zs2fGqkYU95LGS2V2opueeK - -
2019-07-08 11:20:01 admin Deleted_SharedRecord 213.rar 2019-07-08_10:16:31 u2
2019-07-08 11:20:01 u2 Deleted_SharedRecord 139.rar 2019-07-08_10:18:18 u1
2019-07-08 11:20:01 u2 Deleted_SharedRecord 139.rar 2019-07-08_10:18:20 u3
2019-07-08 10:25:01 admin Deleted_SharedRecord 213.rar 2019-07-08_10:13:14 u1
2019-07-08 10:20:01 admin Deleted_SharedRecord 1.rar 2019-07-08_10:07:21 u2
2019-07-08 10:20:01 admin Deleted_SharedRecord 213.rar 2019-07-08_10:08:27 u3
2019-07-08 10:18:39 u1 accessed 139.rar sharedby u2
2019-07-08 10:18:33 u1 accessed 139.rar sharedby u2
2019-07-08 10:18:20 u2 Shared 139.rar with u3
2019-07-08 10:18:18 u2 Shared 139.rar with u1
2019-07-08 10:16:51 u2 accessed 213.rar sharedby admin
2019-07-08 10:16:31 admin Shared 213.rar with u2
2019-07-08 10:15:01 u2 Deleted_SharedRecord 28juneevening.rar 2019-07-08_10:02:22 u1
2019-07-08 10:15:01 u2 Deleted_SharedRecord 28juneevening.rar 2019-07-08_10:02:22 u3
2019-07-08 10:13:14 admin Shared 213.rar with u1
2019-07-08 10:10:02 u1 Deleted_SharedRecord hello.txt 2019-07-08_09:58:09 u2
2019-07-08 10:10:01 u1 Deleted_SharedRecord hello.txt 2019-07-08_09:58:09 u3
2019-07-08 10:08:27 admin Shared 213.rar with u3
2019-07-08 10:07:21 admin Shared 1.rar with u2
2019-07-08 10:02:48 u1 accessed 28juneevening.rar sharedby u2
2019-07-08 10:02:22 u2 Shared 28juneevening.rar with u3
